<?xml version="1.0" encoding="UTF-8"?>
<testsuite xmlns:xsi="http://www.w3.org/2001/XMLSchema-instance" xsi:noNamespaceSchemaLocation="https://maven.apache.org/surefire/maven-surefire-plugin/xsd/surefire-test-report-3.0.xsd" version="3.0" name="TestSuite" time="148.342" tests="7" errors="0" skipped="0" failures="1">
  <properties>
[...]
</properties>
  <testcase name="goToRegister" classname="tests.RegistrationTest" time="0.621">
    <system-out><![CDATA[2021/04/27 20:16:25 INFO RegistrationTest -  Going to registration page 
2021/04/27 20:16:26 INFO RegistrationTest -  Successfully Get Register page 
]]></system-out>
    <system-err><![CDATA[Starting ChromeDriver 90.0.4430.24 (4c6d850f087da467d926e8eddb76550aed655991-refs/branch-heads/4430@{#429}) on port 28637
Only local connections are allowed.
Please see https://chromedriver.chromium.org/security-considerations for suggestions on keeping ChromeDriver safe.
ChromeDriver was started successfully.
אפר׳ 27, 2021 8:16:20 אחה״צ org.openqa.selenium.remote.ProtocolHandshake createSession
INFO: Detected dialect: W3C
]]></system-err>
  </testcase>
  <testcase name="fillRegistrationDetails" classname="tests.RegistrationTest" time="2.84">
    <system-out><![CDATA[2021/04/27 20:16:26 INFO RegistrationTest -  Begin to fill registration 
2021/04/27 20:16:29 INFO RegistrationTest -  Successfully Get Register page 
]]></system-out>
  </testcase>
  <testcase name="ClickOnJobField" classname="tests.CareerTest" time="30.017">
    <system-out><![CDATA[2021/04/27 20:16:38 INFO CareerTest -  Going to job field page 
2021/04/27 20:17:08 INFO CareerTest -  Getting into  job field  page 
]]></system-out>
    <system-err><![CDATA[Starting ChromeDriver 90.0.4430.24 (4c6d850f087da467d926e8eddb76550aed655991-refs/branch-heads/4430@{#429}) on port 15288
Only local connections are allowed.
Please see https://chromedriver.chromium.org/security-considerations for suggestions on keeping ChromeDriver safe.
ChromeDriver was started successfully.
אפר׳ 27, 2021 8:16:33 אחה״צ org.openqa.selenium.remote.ProtocolHandshake createSession
INFO: Detected dialect: W3C
]]></system-err>
  </testcase>
  <testcase name="MininumOrderTest" classname="tests.MinimumOrderError" time="32.795">
    <system-out><![CDATA[2021/04/27 20:17:17 INFO MinimumOrderError -  Going into click on minimum order dish 
2021/04/27 20:17:50 INFO MinimumOrderError -  successfully received an error message 
]]></system-out>
    <system-err><![CDATA[Starting ChromeDriver 90.0.4430.24 (4c6d850f087da467d926e8eddb76550aed655991-refs/branch-heads/4430@{#429}) on port 9337
Only local connections are allowed.
Please see https://chromedriver.chromium.org/security-considerations for suggestions on keeping ChromeDriver safe.
ChromeDriver was started successfully.
אפר׳ 27, 2021 8:17:12 אחה״צ org.openqa.selenium.remote.ProtocolHandshake createSession
INFO: Detected dialect: W3C
]]></system-err>
  </testcase>
  <testcase name="GoingToRestaurant" classname="tests.SanityTest" time="26.067">
    <system-out><![CDATA[2021/04/27 20:17:58 INFO SanityTest -  Going to restaurant page  
2021/04/27 20:18:24 INFO SanityTest -  Successfully Get into restaurant page 
]]></system-out>
    <system-err><![CDATA[Starting ChromeDriver 90.0.4430.24 (4c6d850f087da467d926e8eddb76550aed655991-refs/branch-heads/4430@{#429}) on port 39310
Only local connections are allowed.
Please see https://chromedriver.chromium.org/security-considerations for suggestions on keeping ChromeDriver safe.
ChromeDriver was started successfully.
אפר׳ 27, 2021 8:17:52 אחה״צ org.openqa.selenium.remote.ProtocolHandshake createSession
INFO: Detected dialect: W3C
]]></system-err>
  </testcase>
  <testcase name="GoingToOrderPage" classname="tests.SanityTest" time="7.271">
    <failure message="expected [true] but found [false]" type="java.lang.AssertionError"><![CDATA[java.lang.AssertionError: expected [true] but found [false]
	at tests.SanityTest.GoingToOrderPage(SanityTest.java:122)
]]></failure>
    <system-out><![CDATA[2021/04/27 20:18:24 INFO SanityTest -  Going to order page  
]]></system-out>
  </testcase>
  <testcase name="errMessage" classname="tests.ErrorLoginTest" time="4.775">
    <system-out><![CDATA[2021/04/27 20:18:39 INFO ErrorLoginTest -  Going to connection page 
2021/04/27 20:18:43 INFO ErrorLoginTest -  try to login without type email 
2021/04/27 20:18:44 INFO ErrorLoginTest -  Successfully Get error message 
]]></system-out>
    <system-err><![CDATA[Starting ChromeDriver 90.0.4430.24 (4c6d850f087da467d926e8eddb76550aed655991-refs/branch-heads/4430@{#429}) on port 34978
Only local connections are allowed.
Please see https://chromedriver.chromium.org/security-considerations for suggestions on keeping ChromeDriver safe.
ChromeDriver was started successfully.
אפר׳ 27, 2021 8:18:34 אחה״צ org.openqa.selenium.remote.ProtocolHandshake createSession
INFO: Detected dialect: W3C
]]></system-err>
  </testcase>
</testsuite>